-------------------------------------------------------------------------------
Test set: tests.AddProductToCardTest
-------------------------------------------------------------------------------
Tests run: 1, Failures: 1, Errors: 0, Skipped: 0, Time elapsed: 17.932 sec <<< FAILURE!
verifyProductInCard(tests.AddProductToCardTest)  Time elapsed: 5.094 sec  <<< FAILURE!
java.lang.AssertionError: expected [0] but found [0]
	at org.testng.Assert.fail(Assert.java:94)
	at org.testng.Assert.failNotEquals(Assert.java:494)
	at org.testng.Assert.assertEquals(Assert.java:123)
	at org.testng.Assert.assertEquals(Assert.java:165)
	at tests.AddProductToCardTest.verifyProductInCard(AddProductToCardTest.java:15)
